2014-04-27 15:07:09,404 INFO collect.CollectList - 2003423885
2014-04-27 15:07:10,446 INFO collect.CollectThread - start get list
2014-04-27 15:07:11,125 INFO collect.CollectThread - success 0
2014-04-27 15:07:11,625 INFO collect.CollectThread - success 1
2014-04-27 15:07:12,119 INFO collect.CollectThread - success 2
2014-04-27 15:07:12,837 INFO collect.CollectThread - success 3
2014-04-27 15:07:14,215 INFO collect.CollectThread - success 4
2014-04-27 15:07:15,723 INFO collect.CollectThread - success 5
2014-04-27 15:07:17,082 INFO collect.CollectThread - success 6
2014-04-27 15:07:17,777 INFO collect.CollectThread - success 7
2014-04-27 15:07:18,348 INFO collect.CollectThread - success 8
2014-04-27 15:07:19,116 INFO collect.CollectThread - success 9
2014-04-27 15:07:20,483 INFO collect.CollectThread - success 10
2014-04-27 15:07:21,113 INFO collect.CollectThread - success 11
2014-04-27 15:07:21,897 INFO collect.CollectThread - success 12
2014-04-27 15:07:22,451 INFO collect.CollectThread - success 13
2014-04-27 15:07:23,167 INFO collect.CollectThread - success 14
2014-04-27 15:07:23,778 INFO collect.CollectThread - success 15
2014-04-27 15:07:24,715 INFO collect.CollectThread - success 16
2014-04-27 15:07:26,099 INFO collect.CollectThread - success 17
2014-04-27 15:07:26,793 INFO collect.CollectThread - success 18
2014-04-27 15:07:28,330 INFO collect.CollectThread - success 19
2014-04-27 15:07:29,513 INFO collect.CollectThread - success 20
2014-04-27 15:07:30,062 INFO collect.CollectThread - success 21
2014-04-27 15:07:30,817 INFO collect.CollectThread - success 22
2014-04-27 15:07:32,140 INFO collect.CollectThread - success 23
2014-04-27 15:07:32,792 INFO collect.CollectThread - success 24
2014-04-27 15:07:34,385 INFO collect.CollectThread - success 25
2014-04-27 15:07:35,785 ERROR collect.CollectThread - time out 26;collect user error uid：2708676512
2014-04-27 15:07:36,438 INFO collect.CollectThread - success 27
2014-04-27 15:07:37,400 INFO collect.CollectThread - success 28
2014-04-27 15:07:38,455 INFO collect.CollectThread - success 29
2014-04-27 15:07:39,236 INFO collect.CollectThread - success 30
2014-04-27 15:07:39,916 INFO collect.CollectThread - success 31
2014-04-27 15:07:40,374 INFO collect.CollectThread - success 32
2014-04-27 15:07:42,044 INFO collect.CollectThread - success 33
2014-04-27 15:07:42,684 INFO collect.CollectThread - success 34
2014-04-27 15:07:43,295 INFO collect.CollectThread - success 35
2014-04-27 15:07:44,040 INFO collect.CollectThread - success 36
2014-04-27 15:07:44,552 INFO collect.CollectThread - success 37
2014-04-27 15:07:45,286 INFO collect.CollectThread - success 38
2014-04-27 15:07:46,737 INFO collect.CollectThread - success 39
2014-04-27 15:07:47,428 INFO collect.CollectThread - success 40
2014-04-27 15:07:48,066 INFO collect.CollectThread - success 41
2014-04-27 15:07:48,669 INFO collect.CollectThread - success 42
2014-04-27 15:07:50,151 ERROR collect.CollectThread - time out 43;collect user error uid：1389417923
2014-04-27 15:07:51,717 INFO collect.CollectThread - success 44
2014-04-27 15:07:52,495 INFO collect.CollectThread - success 45
2014-04-27 15:07:53,910 ERROR collect.CollectThread - fail 46;collect user error uid：1594267923
2014-04-27 15:07:53,910 ERROR collect.CollectThread - Exception
System.ArgumentOutOfRangeException: startIndex 不能大于字符串长度。
参数名: startIndex
   在 System.String.InternalSubStringWithChecks(Int32 startIndex, Int32 length, Boolean fAlwaysCopy)
   在 collect.CollectThread.downloadPage(sinaaccounts account) 位置 f:\GitHub\sweep\collect\CollectThread.cs:行号 103
2014-04-27 15:07:55,559 ERROR collect.CollectThread - time out 47;collect user error uid：2068614947
2014-04-27 15:07:56,220 INFO collect.CollectThread - success 48
2014-04-27 15:07:56,983 INFO collect.CollectThread - success 49
2014-04-27 15:07:57,543 INFO collect.CollectThread - success 50
2014-04-27 15:07:58,958 ERROR collect.CollectThread - time out 51;collect user error uid：2506398112
2014-04-27 15:07:59,689 INFO collect.CollectThread - success 52
2014-04-27 15:08:00,374 INFO collect.CollectThread - success 53
2014-04-27 15:08:01,139 INFO collect.CollectThread - success 54
2014-04-27 15:08:01,900 INFO collect.CollectThread - success 55
2014-04-27 15:08:02,533 INFO collect.CollectThread - success 56
2014-04-27 15:08:03,169 INFO collect.CollectThread - success 57
2014-04-27 15:08:03,666 INFO collect.CollectThread - success 58
2014-04-27 15:08:04,406 INFO collect.CollectThread - success 59
2014-04-27 15:08:05,173 INFO collect.CollectThread - success 60
2014-04-27 15:08:06,020 INFO collect.CollectThread - success 61
2014-04-27 15:08:07,462 INFO collect.CollectThread - success 62
2014-04-27 15:08:08,262 INFO collect.CollectThread - success 63
2014-04-27 15:08:09,268 INFO collect.CollectThread - success 64
2014-04-27 15:08:10,793 INFO collect.CollectThread - success 65
2014-04-27 15:08:12,166 INFO collect.CollectThread - success 66
2014-04-27 15:08:12,789 INFO collect.CollectThread - success 67
2014-04-27 15:08:13,459 INFO collect.CollectThread - success 68
2014-04-27 15:08:15,079 INFO collect.CollectThread - success 69
2014-04-27 15:08:16,634 INFO collect.CollectThread - success 70
2014-04-27 15:08:17,458 INFO collect.CollectThread - success 71
2014-04-27 15:08:18,086 INFO collect.CollectThread - success 72
2014-04-27 15:08:19,794 INFO collect.CollectThread - success 73
2014-04-27 15:08:21,181 INFO collect.CollectThread - success 74
2014-04-27 15:08:21,703 INFO collect.CollectThread - success 75
2014-04-27 15:08:22,309 INFO collect.CollectThread - success 76
2014-04-27 15:08:23,755 INFO collect.CollectThread - success 77
2014-04-27 15:08:24,450 INFO collect.CollectThread - success 78
2014-04-27 15:08:25,190 INFO collect.CollectThread - success 79
2014-04-27 15:08:25,690 INFO collect.CollectThread - success 80
2014-04-27 15:08:27,189 INFO collect.CollectThread - success 81
2014-04-27 15:08:28,578 INFO collect.CollectThread - success 82
2014-04-27 15:08:29,397 INFO collect.CollectThread - success 83
2014-04-27 15:08:30,078 INFO collect.CollectThread - success 84
2014-04-27 15:08:30,637 INFO collect.CollectThread - success 85
2014-04-27 15:08:31,647 INFO collect.CollectThread - success 86
2014-04-27 15:08:32,277 INFO collect.CollectThread - success 87
2014-04-27 15:08:33,081 INFO collect.CollectThread - success 88
2014-04-27 15:08:33,081 INFO collect.CollectThread - finish get list
2014-04-27 15:08:37,024 INFO collect.CollectThread - 88.5031746秒
2014-04-27 15:10:20,795 INFO collect.CollectList - 2047869935
2014-04-27 15:10:21,666 INFO collect.CollectThread - start get list
2014-04-27 15:10:22,450 INFO collect.CollectThread - success 0
2014-04-27 15:10:23,090 ERROR collect.CollectThread - fail 1;collect user error uid：1904245314
2014-04-27 15:10:23,090 ERROR collect.CollectThread - Exception
System.Xml.XmlException: 第 1 行，位置 5890 上的开始标记“li”与结束标记“ul”不匹配。 第 1 行，位置 6515。
   在 System.Xml.XmlTextReaderImpl.Throw(String res, String[] args)
   在 System.Xml.XmlTextReaderImpl.ThrowTagMismatch(NodeData startTag)
   在 System.Xml.XmlTextReaderImpl.ParseEndElement()
   在 System.Xml.XmlTextReaderImpl.ParseElementContent()
   在 System.Xml.XmlLoader.LoadNode(Boolean skipOverWhitespace)
   在 System.Xml.XmlLoader.LoadDocSequence(XmlDocument parentDoc)
   在 System.Xml.XmlDocument.Load(XmlReader reader)
   在 System.Xml.XmlDocument.LoadXml(String xml)
   在 collect.CollectThread.downloadPage(sinaaccounts account) 位置 f:\GitHub\sweep\collect\CollectThread.cs:行号 125
2014-04-27 15:10:23,796 INFO collect.CollectThread - success 2
2014-04-27 15:10:24,431 INFO collect.CollectThread - success 3
2014-04-27 15:10:24,920 INFO collect.CollectThread - success 4
2014-04-27 15:10:25,618 INFO collect.CollectThread - success 5
2014-04-27 15:10:26,177 INFO collect.CollectThread - success 6
2014-04-27 15:10:27,517 INFO collect.CollectThread - success 7
2014-04-27 15:10:27,932 INFO collect.CollectThread - success 8
2014-04-27 15:10:28,404 INFO collect.CollectThread - success 9
2014-04-27 15:10:29,014 INFO collect.CollectThread - success 10
2014-04-27 15:10:30,412 INFO collect.CollectThread - success 11
2014-04-27 15:10:31,006 INFO collect.CollectThread - success 12
2014-04-27 15:10:32,537 INFO collect.CollectThread - success 13
2014-04-27 15:10:33,166 INFO collect.CollectThread - success 14
2014-04-27 15:10:34,026 INFO collect.CollectThread - success 15
2014-04-27 15:10:34,627 INFO collect.CollectThread - success 16
2014-04-27 15:10:35,305 INFO collect.CollectThread - success 17
2014-04-27 15:10:35,918 INFO collect.CollectThread - success 18
2014-04-27 15:10:37,507 ERROR collect.CollectThread - time out 19;collect user error uid：2121119070
2014-04-27 15:10:38,132 INFO collect.CollectThread - success 20
2014-04-27 15:10:39,544 INFO collect.CollectThread - success 21
2014-04-27 15:10:40,298 INFO collect.CollectThread - success 22
2014-04-27 15:10:40,870 INFO collect.CollectThread - success 23
2014-04-27 15:10:41,544 INFO collect.CollectThread - success 24
2014-04-27 15:10:42,129 INFO collect.CollectThread - success 25
2014-04-27 15:10:43,710 ERROR collect.CollectThread - time out 26;collect user error uid：1098065901
2014-04-27 15:10:44,265 INFO collect.CollectThread - success 27
2014-04-27 15:10:45,200 INFO collect.CollectThread - success 28
2014-04-27 15:10:45,791 INFO collect.CollectThread - success 29
2014-04-27 15:10:46,317 INFO collect.CollectThread - success 30
2014-04-27 15:10:47,763 ERROR collect.CollectThread - time out 31;collect user error uid：1972827953
2014-04-27 15:10:48,421 INFO collect.CollectThread - success 32
2014-04-27 15:10:49,161 INFO collect.CollectThread - success 33
2014-04-27 15:10:49,787 INFO collect.CollectThread - success 34
2014-04-27 15:10:51,170 ERROR collect.CollectThread - time out 35;collect user error uid：2440154100
2014-04-27 15:10:51,721 INFO collect.CollectThread - success 36
2014-04-27 15:10:52,393 INFO collect.CollectThread - success 37
2014-04-27 15:10:53,046 INFO collect.CollectThread - success 38
2014-04-27 15:10:53,633 INFO collect.CollectThread - success 39
2014-04-27 15:10:54,469 INFO collect.CollectThread - success 40
2014-04-27 15:10:55,318 INFO collect.CollectThread - success 41
2014-04-27 15:10:56,803 INFO collect.CollectThread - success 42
2014-04-27 15:10:57,308 INFO collect.CollectThread - success 43
2014-04-27 15:10:57,934 INFO collect.CollectThread - success 44
2014-04-27 15:10:58,456 INFO collect.CollectThread - success 45
2014-04-27 15:10:59,030 INFO collect.CollectThread - success 46
2014-04-27 15:10:59,552 INFO collect.CollectThread - success 47
2014-04-27 15:11:01,064 ERROR collect.CollectThread - time out 48;collect user error uid：3185816674
2014-04-27 15:11:01,642 INFO collect.CollectThread - success 49
2014-04-27 15:11:02,327 INFO collect.CollectThread - success 50
2014-04-27 15:11:02,896 INFO collect.CollectThread - success 51
2014-04-27 15:11:03,500 INFO collect.CollectThread - success 52
2014-04-27 15:11:04,098 INFO collect.CollectThread - success 53
2014-04-27 15:11:05,662 INFO collect.CollectThread - success 54
2014-04-27 15:11:06,328 INFO collect.CollectThread - success 55
2014-04-27 15:11:07,090 INFO collect.CollectThread - success 56
2014-04-27 15:11:08,491 ERROR collect.CollectThread - time out 57;collect user error uid：1974523152
2014-04-27 15:11:08,987 INFO collect.CollectThread - success 58
2014-04-27 15:11:09,604 INFO collect.CollectThread - success 59
2014-04-27 15:11:10,396 INFO collect.CollectThread - success 60
2014-04-27 15:11:11,839 INFO collect.CollectThread - success 61
2014-04-27 15:11:12,395 INFO collect.CollectThread - success 62
2014-04-27 15:11:13,064 INFO collect.CollectThread - success 63
2014-04-27 15:11:14,559 INFO collect.CollectThread - success 64
2014-04-27 15:11:15,481 INFO collect.CollectThread - success 65
2014-04-27 15:11:16,959 INFO collect.CollectThread - success 66
2014-04-27 15:11:17,600 INFO collect.CollectThread - success 67
2014-04-27 15:11:18,191 INFO collect.CollectThread - success 68
2014-04-27 15:11:19,275 INFO collect.CollectThread - success 69
2014-04-27 15:11:19,908 INFO collect.CollectThread - success 70
2014-04-27 15:11:20,641 INFO collect.CollectThread - success 71
2014-04-27 15:11:21,291 INFO collect.CollectThread - success 72
2014-04-27 15:11:22,087 INFO collect.CollectThread - success 73
2014-04-27 15:11:22,572 INFO collect.CollectThread - success 74
2014-04-27 15:11:23,238 INFO collect.CollectThread - success 75
2014-04-27 15:11:24,511 ERROR collect.CollectThread - time out 76;collect user error uid：2236658332
2014-04-27 15:11:25,227 INFO collect.CollectThread - success 77
2014-04-27 15:11:25,833 INFO collect.CollectThread - success 78
2014-04-27 15:11:26,512 INFO collect.CollectThread - success 79
2014-04-27 15:11:27,940 INFO collect.CollectThread - success 80
2014-04-27 15:11:28,664 ERROR collect.CollectThread - fail 81;collect user error uid：2111144093
2014-04-27 15:11:28,664 ERROR collect.CollectThread - Exception
System.Xml.XmlException: 第 1 行，位置 4427 上的开始标记“div”与结束标记“li”不匹配。 第 1 行，位置 7672。
   在 System.Xml.XmlTextReaderImpl.Throw(String res, String[] args)
   在 System.Xml.XmlTextReaderImpl.ThrowTagMismatch(NodeData startTag)
   在 System.Xml.XmlTextReaderImpl.ParseEndElement()
   在 System.Xml.XmlTextReaderImpl.ParseElementContent()
   在 System.Xml.XmlLoader.LoadNode(Boolean skipOverWhitespace)
   在 System.Xml.XmlLoader.LoadDocSequence(XmlDocument parentDoc)
   在 System.Xml.XmlDocument.Load(XmlReader reader)
   在 System.Xml.XmlDocument.LoadXml(String xml)
   在 collect.CollectThread.downloadPage(sinaaccounts account) 位置 f:\GitHub\sweep\collect\CollectThread.cs:行号 125
2014-04-27 15:11:29,309 INFO collect.CollectThread - success 82
2014-04-27 15:11:30,084 INFO collect.CollectThread - success 83
2014-04-27 15:11:31,559 ERROR collect.CollectThread - fail 84;collect user error uid：1844274957
2014-04-27 15:11:31,559 ERROR collect.CollectThread - Exception
System.Xml.XmlException: “action-type”是重复的特性名称。 第 1 行，位置 15855。
   在 System.Xml.XmlTextReaderImpl.Throw(String res, String arg, Int32 lineNo, Int32 linePos)
   在 System.Xml.XmlTextReaderImpl.AttributeDuplCheck()
   在 System.Xml.XmlTextReaderImpl.ParseAttributes()
   在 System.Xml.XmlTextReaderImpl.ParseElement()
   在 System.Xml.XmlTextReaderImpl.ParseElementContent()
   在 System.Xml.XmlLoader.LoadNode(Boolean skipOverWhitespace)
   在 System.Xml.XmlLoader.LoadDocSequence(XmlDocument parentDoc)
   在 System.Xml.XmlDocument.Load(XmlReader reader)
   在 System.Xml.XmlDocument.LoadXml(String xml)
   在 collect.CollectThread.downloadPage(sinaaccounts account) 位置 f:\GitHub\sweep\collect\CollectThread.cs:行号 125
2014-04-27 15:11:32,019 INFO collect.CollectThread - success 85
2014-04-27 15:11:32,720 INFO collect.CollectThread - success 86
2014-04-27 15:11:33,427 INFO collect.CollectThread - success 87
2014-04-27 15:11:34,133 INFO collect.CollectThread - success 88
2014-04-27 15:11:34,805 INFO collect.CollectThread - success 89
2014-04-27 15:11:35,368 INFO collect.CollectThread - success 90
2014-04-27 15:11:35,985 INFO collect.CollectThread - success 91
2014-04-27 15:11:36,635 INFO collect.CollectThread - success 92
2014-04-27 15:11:38,105 INFO collect.CollectThread - success 93
2014-04-27 15:11:39,641 ERROR collect.CollectThread - time out 94;collect user error uid：2669920942
2014-04-27 15:11:40,205 INFO collect.CollectThread - success 95
2014-04-27 15:11:40,812 INFO collect.CollectThread - success 96
2014-04-27 15:11:41,461 INFO collect.CollectThread - success 97
2014-04-27 15:11:42,089 INFO collect.CollectThread - success 98
2014-04-27 15:11:43,658 INFO collect.CollectThread - success 99
2014-04-27 15:11:44,917 ERROR collect.CollectThread - time out 100;collect user error uid：1849165670
2014-04-27 15:11:44,917 INFO collect.CollectThread - finish get list
2014-04-27 15:11:47,926 INFO collect.CollectThread - 87.7386702秒
2014-04-27 16:05:23,062 INFO collect.CollectThread - start get list
2014-04-27 16:05:24,058 INFO collect.CollectThread - success 0
2014-04-27 16:05:24,600 INFO collect.CollectThread - success 1
2014-04-27 16:05:25,082 INFO collect.CollectThread - success 2
2014-04-27 16:05:25,650 INFO collect.CollectThread - success 3
2014-04-27 16:05:26,060 INFO collect.CollectThread - success 4
2014-04-27 16:05:27,561 INFO collect.CollectThread - success 5
2014-04-27 16:05:28,083 INFO collect.CollectThread - success 6
2014-04-27 16:05:28,503 INFO collect.CollectThread - success 7
2014-04-27 16:05:29,034 INFO collect.CollectThread - success 8
2014-04-27 16:05:30,481 INFO collect.CollectThread - success 9
2014-04-27 16:05:30,965 INFO collect.CollectThread - success 10
2014-04-27 16:05:31,557 INFO collect.CollectThread - success 11
2014-04-27 16:05:32,113 INFO collect.CollectThread - success 12
2014-04-27 16:05:32,626 INFO collect.CollectThread - success 13
2014-04-27 16:05:33,339 INFO collect.CollectThread - success 14
2014-04-27 16:05:33,991 INFO collect.CollectThread - success 15
2014-04-27 16:05:34,701 INFO collect.CollectThread - success 16
2014-04-27 16:05:35,236 INFO collect.CollectThread - success 17
2014-04-27 16:05:35,855 INFO collect.CollectThread - success 18
2014-04-27 16:05:36,479 INFO collect.CollectThread - success 19
2014-04-27 16:05:37,572 INFO collect.CollectThread - success 20
2014-04-27 16:05:38,044 INFO collect.CollectThread - success 21
2014-04-27 16:05:38,499 INFO collect.CollectThread - success 22
2014-04-27 16:05:39,009 INFO collect.CollectThread - success 23
2014-04-27 16:05:39,541 INFO collect.CollectThread - success 24
2014-04-27 16:05:40,114 INFO collect.CollectThread - success 25
2014-04-27 16:05:40,660 INFO collect.CollectThread - success 26
2014-04-27 16:05:41,167 INFO collect.CollectThread - success 27
2014-04-27 16:05:42,589 INFO collect.CollectThread - success 28
2014-04-27 16:05:43,358 INFO collect.CollectThread - success 29
2014-04-27 16:05:44,815 INFO collect.CollectThread - success 30
2014-04-27 16:05:45,437 INFO collect.CollectThread - success 31
2014-04-27 16:05:45,994 INFO collect.CollectThread - success 32
2014-04-27 16:05:46,606 INFO collect.CollectThread - success 33
2014-04-27 16:05:47,220 INFO collect.CollectThread - success 34
2014-04-27 16:05:48,513 INFO collect.CollectThread - success 35
2014-04-27 16:05:49,107 INFO collect.CollectThread - success 36
2014-04-27 16:05:49,787 INFO collect.CollectThread - success 37
2014-04-27 16:05:50,445 INFO collect.CollectThread - success 38
2014-04-27 16:05:50,926 INFO collect.CollectThread - success 39
2014-04-27 16:05:51,513 INFO collect.CollectThread - success 40
2014-04-27 16:05:52,062 INFO collect.CollectThread - success 41
2014-04-27 16:05:52,667 INFO collect.CollectThread - success 42
2014-04-27 16:05:53,369 INFO collect.CollectThread - success 43
2014-04-27 16:05:54,016 INFO collect.CollectThread - success 44
2014-04-27 16:05:54,599 INFO collect.CollectThread - success 45
2014-04-27 16:05:55,270 INFO collect.CollectThread - success 46
2014-04-27 16:05:55,944 INFO collect.CollectThread - success 47
2014-04-27 16:05:56,573 INFO collect.CollectThread - success 48
2014-04-27 16:05:57,166 INFO collect.CollectThread - success 49
2014-04-27 16:05:57,700 INFO collect.CollectThread - success 50
2014-04-27 16:05:58,284 INFO collect.CollectThread - success 51
2014-04-27 16:05:58,985 INFO collect.CollectThread - success 52
2014-04-27 16:05:59,515 INFO collect.CollectThread - success 53
2014-04-27 16:06:00,116 INFO collect.CollectThread - success 54
2014-04-27 16:06:00,696 INFO collect.CollectThread - success 55
2014-04-27 16:06:01,186 INFO collect.CollectThread - success 56
2014-04-27 16:06:01,979 INFO collect.CollectThread - success 57
2014-04-27 16:06:02,336 INFO collect.CollectThread - success 58
2014-04-27 16:06:03,009 INFO collect.CollectThread - success 59
2014-04-27 16:06:03,595 INFO collect.CollectThread - success 60
2014-04-27 16:06:04,141 INFO collect.CollectThread - success 61
2014-04-27 16:06:04,611 INFO collect.CollectThread - success 62
2014-04-27 16:06:05,294 INFO collect.CollectThread - success 63
2014-04-27 16:06:05,910 INFO collect.CollectThread - success 64
2014-04-27 16:06:06,464 INFO collect.CollectThread - success 65
2014-04-27 16:06:07,016 INFO collect.CollectThread - success 66
2014-04-27 16:06:07,409 INFO collect.CollectThread - success 67
2014-04-27 16:06:07,909 INFO collect.CollectThread - success 68
2014-04-27 16:06:08,652 INFO collect.CollectThread - success 69
2014-04-27 16:06:09,245 INFO collect.CollectThread - success 70
2014-04-27 16:06:09,852 INFO collect.CollectThread - success 71
2014-04-27 16:06:10,433 INFO collect.CollectThread - success 72
2014-04-27 16:06:10,922 INFO collect.CollectThread - success 73
2014-04-27 16:06:11,379 INFO collect.CollectThread - success 74
2014-04-27 16:06:11,934 INFO collect.CollectThread - success 75
2014-04-27 16:06:12,579 INFO collect.CollectThread - success 76
2014-04-27 16:06:13,473 INFO collect.CollectThread - success 77
2014-04-27 16:06:14,124 INFO collect.CollectThread - success 78
2014-04-27 16:06:14,935 INFO collect.CollectThread - success 79
2014-04-27 16:06:15,482 INFO collect.CollectThread - success 80
2014-04-27 16:06:16,066 INFO collect.CollectThread - success 81
2014-04-27 16:06:16,521 INFO collect.CollectThread - success 82
2014-04-27 16:06:17,165 INFO collect.CollectThread - success 83
2014-04-27 16:06:17,946 INFO collect.CollectThread - success 84
2014-04-27 16:06:18,676 INFO collect.CollectThread - success 85
2014-04-27 16:06:19,170 INFO collect.CollectThread - success 86
2014-04-27 16:06:19,659 INFO collect.CollectThread - success 87
2014-04-27 16:06:20,500 INFO collect.CollectThread - success 88
2014-04-27 16:06:20,500 INFO collect.CollectThread - finish get list
2014-04-27 16:06:22,854 INFO collect.CollectThread - 60.3332488秒
2014-04-27 16:07:16,154 INFO collect.CollectThread - start get list
2014-04-27 16:07:16,971 INFO collect.CollectThread - success 0
2014-04-27 16:07:17,572 ERROR collect.CollectThread - fail 1;collect user error uid：1904245314
2014-04-27 16:07:17,572 ERROR collect.CollectThread - Exception
System.Xml.XmlException: 第 1 行，位置 5890 上的开始标记“li”与结束标记“ul”不匹配。 第 1 行，位置 6515。
   在 System.Xml.XmlTextReaderImpl.Throw(String res, String[] args)
   在 System.Xml.XmlTextReaderImpl.ThrowTagMismatch(NodeData startTag)
   在 System.Xml.XmlTextReaderImpl.ParseEndElement()
   在 System.Xml.XmlTextReaderImpl.ParseElementContent()
   在 System.Xml.XmlLoader.LoadNode(Boolean skipOverWhitespace)
   在 System.Xml.XmlLoader.LoadDocSequence(XmlDocument parentDoc)
   在 System.Xml.XmlDocument.Load(XmlReader reader)
   在 System.Xml.XmlDocument.LoadXml(String xml)
   在 collect.CollectThread.downloadPage(sinaaccounts account) 位置 f:\GitHub\sweep\collect\CollectThread.cs:行号 127
2014-04-27 16:07:18,019 INFO collect.CollectThread - success 2
2014-04-27 16:07:18,513 INFO collect.CollectThread - success 3
2014-04-27 16:07:19,897 INFO collect.CollectThread - success 4
2014-04-27 16:07:20,538 INFO collect.CollectThread - success 5
2014-04-27 16:07:21,216 INFO collect.CollectThread - success 6
2014-04-27 16:07:22,516 INFO collect.CollectThread - success 7
2014-04-27 16:07:23,225 INFO collect.CollectThread - success 8
2014-04-27 16:07:23,729 INFO collect.CollectThread - success 9
2014-04-27 16:07:24,267 INFO collect.CollectThread - success 10
2014-04-27 16:07:24,736 INFO collect.CollectThread - success 11
2014-04-27 16:07:25,307 INFO collect.CollectThread - success 12
2014-04-27 16:07:25,784 INFO collect.CollectThread - success 13
2014-04-27 16:07:26,375 INFO collect.CollectThread - success 14
2014-04-27 16:07:26,881 INFO collect.CollectThread - success 15
2014-04-27 16:07:27,418 INFO collect.CollectThread - success 16
2014-04-27 16:07:27,972 INFO collect.CollectThread - success 17
2014-04-27 16:07:28,510 INFO collect.CollectThread - success 18
2014-04-27 16:07:29,170 INFO collect.CollectThread - success 19
2014-04-27 16:07:30,051 INFO collect.CollectThread - success 20
2014-04-27 16:07:31,294 ERROR collect.CollectThread - time out 21;collect user error uid：1993244024
2014-04-27 16:07:31,922 INFO collect.CollectThread - success 22
2014-04-27 16:07:32,397 INFO collect.CollectThread - success 23
2014-04-27 16:07:33,750 INFO collect.CollectThread - success 24
2014-04-27 16:07:34,274 INFO collect.CollectThread - success 25
2014-04-27 16:07:34,942 INFO collect.CollectThread - success 26
2014-04-27 16:07:35,460 INFO collect.CollectThread - success 27
2014-04-27 16:07:36,042 INFO collect.CollectThread - success 28
2014-04-27 16:07:36,497 INFO collect.CollectThread - success 29
2014-04-27 16:07:37,035 INFO collect.CollectThread - success 30
2014-04-27 16:07:37,507 INFO collect.CollectThread - success 31
2014-04-27 16:07:38,081 INFO collect.CollectThread - success 32
2014-04-27 16:07:38,616 INFO collect.CollectThread - success 33
2014-04-27 16:07:39,242 INFO collect.CollectThread - success 34
2014-04-27 16:07:39,866 INFO collect.CollectThread - success 35
2014-04-27 16:07:40,852 INFO collect.CollectThread - success 36
2014-04-27 16:07:41,822 INFO collect.CollectThread - success 37
2014-04-27 16:07:42,279 INFO collect.CollectThread - success 38
2014-04-27 16:07:42,805 INFO collect.CollectThread - success 39
2014-04-27 16:07:43,368 INFO collect.CollectThread - success 40
2014-04-27 16:07:44,880 INFO collect.CollectThread - success 41
2014-04-27 16:07:45,306 INFO collect.CollectThread - success 42
2014-04-27 16:07:45,870 INFO collect.CollectThread - success 43
2014-04-27 16:07:46,520 INFO collect.CollectThread - success 44
2014-04-27 16:07:47,174 INFO collect.CollectThread - success 45
2014-04-27 16:07:47,815 INFO collect.CollectThread - success 46
2014-04-27 16:07:48,460 INFO collect.CollectThread - success 47
2014-04-27 16:07:48,978 INFO collect.CollectThread - success 48
2014-04-27 16:07:49,493 INFO collect.CollectThread - success 49
2014-04-27 16:07:50,072 INFO collect.CollectThread - success 50
2014-04-27 16:07:50,685 INFO collect.CollectThread - success 51
2014-04-27 16:07:51,260 INFO collect.CollectThread - success 52
2014-04-27 16:07:51,874 INFO collect.CollectThread - success 53
2014-04-27 16:07:53,586 INFO collect.CollectThread - success 54
2014-04-27 16:07:54,099 INFO collect.CollectThread - success 55
2014-04-27 16:07:54,934 INFO collect.CollectThread - success 56
2014-04-27 16:07:55,418 INFO collect.CollectThread - success 57
2014-04-27 16:07:56,806 INFO collect.CollectThread - success 58
2014-04-27 16:07:57,757 INFO collect.CollectThread - success 59
2014-04-27 16:07:58,352 INFO collect.CollectThread - success 60
2014-04-27 16:07:58,927 INFO collect.CollectThread - success 61
2014-04-27 16:07:59,430 INFO collect.CollectThread - success 62
2014-04-27 16:08:00,063 INFO collect.CollectThread - success 63
2014-04-27 16:08:00,774 INFO collect.CollectThread - success 64
2014-04-27 16:08:01,357 INFO collect.CollectThread - success 65
2014-04-27 16:08:01,948 INFO collect.CollectThread - success 66
2014-04-27 16:08:02,640 INFO collect.CollectThread - success 67
2014-04-27 16:08:03,190 INFO collect.CollectThread - success 68
2014-04-27 16:08:03,865 INFO collect.CollectThread - success 69
2014-04-27 16:08:04,451 INFO collect.CollectThread - success 70
2014-04-27 16:08:05,160 INFO collect.CollectThread - success 71
2014-04-27 16:08:06,372 INFO collect.CollectThread - success 72
2014-04-27 16:08:06,911 INFO collect.CollectThread - success 73
2014-04-27 16:08:08,274 INFO collect.CollectThread - success 74
2014-04-27 16:08:08,985 INFO collect.CollectThread - success 75
2014-04-27 16:08:09,514 INFO collect.CollectThread - success 76
2014-04-27 16:08:10,098 INFO collect.CollectThread - success 77
2014-04-27 16:08:10,662 INFO collect.CollectThread - success 78
2014-04-27 16:08:11,294 INFO collect.CollectThread - success 79
2014-04-27 16:08:11,766 INFO collect.CollectThread - success 80
2014-04-27 16:08:12,464 ERROR collect.CollectThread - fail 81;collect user error uid：2111144093
2014-04-27 16:08:12,464 ERROR collect.CollectThread - Exception
System.Xml.XmlException: 第 1 行，位置 4427 上的开始标记“div”与结束标记“li”不匹配。 第 1 行，位置 7672。
   在 System.Xml.XmlTextReaderImpl.Throw(String res, String[] args)
   在 System.Xml.XmlTextReaderImpl.ThrowTagMismatch(NodeData startTag)
   在 System.Xml.XmlTextReaderImpl.ParseEndElement()
   在 System.Xml.XmlTextReaderImpl.ParseElementContent()
   在 System.Xml.XmlLoader.LoadNode(Boolean skipOverWhitespace)
   在 System.Xml.XmlLoader.LoadDocSequence(XmlDocument parentDoc)
   在 System.Xml.XmlDocument.Load(XmlReader reader)
   在 System.Xml.XmlDocument.LoadXml(String xml)
   在 collect.CollectThread.downloadPage(sinaaccounts account) 位置 f:\GitHub\sweep\collect\CollectThread.cs:行号 127
2014-04-27 16:08:13,058 INFO collect.CollectThread - success 82
2014-04-27 16:08:13,516 INFO collect.CollectThread - success 83
2014-04-27 16:08:14,385 ERROR collect.CollectThread - fail 84;collect user error uid：1844274957
2014-04-27 16:08:14,385 ERROR collect.CollectThread - Exception
System.Xml.XmlException: “action-type”是重复的特性名称。 第 1 行，位置 15855。
   在 System.Xml.XmlTextReaderImpl.Throw(String res, String arg, Int32 lineNo, Int32 linePos)
   在 System.Xml.XmlTextReaderImpl.AttributeDuplCheck()
   在 System.Xml.XmlTextReaderImpl.ParseAttributes()
   在 System.Xml.XmlTextReaderImpl.ParseElement()
   在 System.Xml.XmlTextReaderImpl.ParseElementContent()
   在 System.Xml.XmlLoader.LoadNode(Boolean skipOverWhitespace)
   在 System.Xml.XmlLoader.LoadDocSequence(XmlDocument parentDoc)
   在 System.Xml.XmlDocument.Load(XmlReader reader)
   在 System.Xml.XmlDocument.LoadXml(String xml)
   在 collect.CollectThread.downloadPage(sinaaccounts account) 位置 f:\GitHub\sweep\collect\CollectThread.cs:行号 127
2014-04-27 16:08:15,844 ERROR collect.CollectThread - time out 85;collect user error uid：2535009800
2014-04-27 16:08:16,613 INFO collect.CollectThread - success 86
2014-04-27 16:08:17,691 INFO collect.CollectThread - success 87
2014-04-27 16:08:18,326 INFO collect.CollectThread - success 88
2014-04-27 16:08:18,983 INFO collect.CollectThread - success 89
2014-04-27 16:08:19,491 INFO collect.CollectThread - success 90
2014-04-27 16:08:20,077 INFO collect.CollectThread - success 91
2014-04-27 16:08:20,623 INFO collect.CollectThread - success 92
2014-04-27 16:08:21,125 INFO collect.CollectThread - success 93
2014-04-27 16:08:21,801 ERROR collect.CollectThread - fail 94;collect user error uid：2669920942
2014-04-27 16:08:21,801 ERROR collect.CollectThread - Exception
System.Xml.XmlException: “title”是重复的特性名称。 第 1 行，位置 2089。
   在 System.Xml.XmlTextReaderImpl.Throw(String res, String arg, Int32 lineNo, Int32 linePos)
   在 System.Xml.XmlTextReaderImpl.AttributeDuplCheck()
   在 System.Xml.XmlTextReaderImpl.ParseAttributes()
   在 System.Xml.XmlTextReaderImpl.ParseElement()
   在 System.Xml.XmlTextReaderImpl.ParseElementContent()
   在 System.Xml.XmlLoader.LoadNode(Boolean skipOverWhitespace)
   在 System.Xml.XmlLoader.LoadDocSequence(XmlDocument parentDoc)
   在 System.Xml.XmlDocument.Load(XmlReader reader)
   在 System.Xml.XmlDocument.LoadXml(String xml)
   在 collect.CollectThread.downloadPage(sinaaccounts account) 位置 f:\GitHub\sweep\collect\CollectThread.cs:行号 127
2014-04-27 16:08:22,374 INFO collect.CollectThread - success 95
2014-04-27 16:08:22,985 INFO collect.CollectThread - success 96
2014-04-27 16:08:23,524 INFO collect.CollectThread - success 97
2014-04-27 16:08:25,060 INFO collect.CollectThread - success 98
2014-04-27 16:08:25,790 INFO collect.CollectThread - success 99
2014-04-27 16:08:26,360 INFO collect.CollectThread - success 100
2014-04-27 16:08:26,360 INFO collect.CollectThread - finish get list
2014-04-27 16:08:27,630 INFO collect.CollectThread - 72.1181092秒
